{"/home/herik/Desktop/MyPDFVault/src/errors/customerError.ts": {"path":"/home/herik/Desktop/MyPDFVault/src/errors/customerError.ts","all":false,"statementMap":{"0":{"start":{"line":1,"column":0},"end":{"line":1,"column":33}},"1":{"start":{"line":2,"column":0},"end":{"line":2,"column":30}},"2":{"start":{"line":3,"column":0},"end":{"line":3,"column":0}},"3":{"start":{"line":4,"column":0},"end":{"line":4,"column":54}},"4":{"start":{"line":5,"column":0},"end":{"line":5,"column":23}},"5":{"start":{"line":6,"column":0},"end":{"line":6,"column":37}},"6":{"start":{"line":7,"column":0},"end":{"line":7,"column":59}},"7":{"start":{"line":8,"column":0},"end":{"line":8,"column":5}},"8":{"start":{"line":9,"column":0},"end":{"line":9,"column":1}},"9":{"start":{"line":10,"column":0},"end":{"line":10,"column":0}},"10":{"start":{"line":11,"column":0},"end":{"line":11,"column":33}},"11":{"start":{"line":12,"column":0},"end":{"line":12,"column":30}},"12":{"start":{"line":13,"column":0},"end":{"line":13,"column":0}},"13":{"start":{"line":14,"column":0},"end":{"line":14,"column":54}},"14":{"start":{"line":15,"column":0},"end":{"line":15,"column":23}},"15":{"start":{"line":16,"column":0},"end":{"line":16,"column":37}},"16":{"start":{"line":17,"column":0},"end":{"line":17,"column":59}},"17":{"start":{"line":18,"column":0},"end":{"line":18,"column":5}},"18":{"start":{"line":19,"column":0},"end":{"line":19,"column":1}},"19":{"start":{"line":20,"column":0},"end":{"line":20,"column":0}},"20":{"start":{"line":21,"column":0},"end":{"line":21,"column":36}}},"s":{"0":1,"1":1,"2":1,"3":1,"4":12,"5":12,"6":12,"7":12,"8":1,"9":1,"10":1,"11":1,"12":1,"13":1,"14":6,"15":6,"16":6,"17":6,"18":1,"19":1,"20":1},"branchMap":{"0":{"type":"branch","line":2,"loc":{"start":{"line":2,"column":11},"end":{"line":2,"column":21}},"locations":[{"start":{"line":2,"column":11},"end":{"line":2,"column":21}}]},"1":{"type":"branch","line":4,"loc":{"start":{"line":4,"column":4},"end":{"line":8,"column":5}},"locations":[{"start":{"line":4,"column":4},"end":{"line":8,"column":5}}]},"2":{"type":"branch","line":12,"loc":{"start":{"line":12,"column":11},"end":{"line":12,"column":21}},"locations":[{"start":{"line":12,"column":11},"end":{"line":12,"column":21}}]},"3":{"type":"branch","line":14,"loc":{"start":{"line":14,"column":4},"end":{"line":18,"column":5}},"locations":[{"start":{"line":14,"column":4},"end":{"line":18,"column":5}}]}},"b":{"0":[12],"1":[12],"2":[6],"3":[6]},"fnMap":{"0":{"name":"<instance_members_initializer>","decl":{"start":{"line":2,"column":11},"end":{"line":2,"column":21}},"loc":{"start":{"line":2,"column":11},"end":{"line":2,"column":21}},"line":2},"1":{"name":"InvalidData","decl":{"start":{"line":4,"column":4},"end":{"line":8,"column":5}},"loc":{"start":{"line":4,"column":4},"end":{"line":8,"column":5}},"line":4},"2":{"name":"<instance_members_initializer>","decl":{"start":{"line":12,"column":11},"end":{"line":12,"column":21}},"loc":{"start":{"line":12,"column":11},"end":{"line":12,"column":21}},"line":12},"3":{"name":"InvalidType","decl":{"start":{"line":14,"column":4},"end":{"line":18,"column":5}},"loc":{"start":{"line":14,"column":4},"end":{"line":18,"column":5}},"line":14}},"f":{"0":12,"1":12,"2":6,"3":6}}
,"/home/herik/Desktop/MyPDFVault/src/useCases/createCustomer/CreateCustomerUseCase.ts": {"path":"/home/herik/Desktop/MyPDFVault/src/useCases/createCustomer/CreateCustomerUseCase.ts","all":false,"statementMap":{"0":{"start":{"line":1,"column":0},"end":{"line":1,"column":70}},"1":{"start":{"line":2,"column":0},"end":{"line":2,"column":75}},"2":{"start":{"line":3,"column":0},"end":{"line":3,"column":66}},"3":{"start":{"line":4,"column":0},"end":{"line":4,"column":62}},"4":{"start":{"line":5,"column":0},"end":{"line":5,"column":52}},"5":{"start":{"line":6,"column":0},"end":{"line":6,"column":0}},"6":{"start":{"line":7,"column":0},"end":{"line":7,"column":63}},"7":{"start":{"line":8,"column":0},"end":{"line":8,"column":16}},"8":{"start":{"line":9,"column":0},"end":{"line":9,"column":57}},"9":{"start":{"line":10,"column":0},"end":{"line":10,"column":47}},"10":{"start":{"line":11,"column":0},"end":{"line":11,"column":65}},"11":{"start":{"line":12,"column":0},"end":{"line":12,"column":8}},"12":{"start":{"line":13,"column":0},"end":{"line":13,"column":0}},"13":{"start":{"line":14,"column":0},"end":{"line":14,"column":45}},"14":{"start":{"line":15,"column":0},"end":{"line":15,"column":47}},"15":{"start":{"line":16,"column":0},"end":{"line":16,"column":0}},"16":{"start":{"line":17,"column":0},"end":{"line":17,"column":43}},"17":{"start":{"line":18,"column":0},"end":{"line":18,"column":75}},"18":{"start":{"line":19,"column":0},"end":{"line":19,"column":9}},"19":{"start":{"line":20,"column":0},"end":{"line":20,"column":0}},"20":{"start":{"line":21,"column":0},"end":{"line":21,"column":39}},"21":{"start":{"line":22,"column":0},"end":{"line":22,"column":64}},"22":{"start":{"line":23,"column":0},"end":{"line":23,"column":9}},"23":{"start":{"line":24,"column":0},"end":{"line":24,"column":0}},"24":{"start":{"line":25,"column":0},"end":{"line":25,"column":40}},"25":{"start":{"line":26,"column":0},"end":{"line":26,"column":65}},"26":{"start":{"line":27,"column":0},"end":{"line":27,"column":9}},"27":{"start":{"line":28,"column":0},"end":{"line":28,"column":0}},"28":{"start":{"line":29,"column":0},"end":{"line":29,"column":43}},"29":{"start":{"line":30,"column":0},"end":{"line":30,"column":68}},"30":{"start":{"line":31,"column":0},"end":{"line":31,"column":9}},"31":{"start":{"line":32,"column":0},"end":{"line":32,"column":0}},"32":{"start":{"line":33,"column":0},"end":{"line":33,"column":50}},"33":{"start":{"line":34,"column":0},"end":{"line":34,"column":56}},"34":{"start":{"line":35,"column":0},"end":{"line":35,"column":9}},"35":{"start":{"line":36,"column":0},"end":{"line":36,"column":0}},"36":{"start":{"line":37,"column":0},"end":{"line":37,"column":76}},"37":{"start":{"line":38,"column":0},"end":{"line":38,"column":0}},"38":{"start":{"line":39,"column":0},"end":{"line":39,"column":25}},"39":{"start":{"line":40,"column":0},"end":{"line":40,"column":70}},"40":{"start":{"line":41,"column":0},"end":{"line":41,"column":9}},"41":{"start":{"line":42,"column":0},"end":{"line":42,"column":0}},"42":{"start":{"line":43,"column":0},"end":{"line":43,"column":34}},"43":{"start":{"line":44,"column":0},"end":{"line":44,"column":34}},"44":{"start":{"line":45,"column":0},"end":{"line":45,"column":62}},"45":{"start":{"line":46,"column":0},"end":{"line":46,"column":20}},"46":{"start":{"line":47,"column":0},"end":{"line":47,"column":14}},"47":{"start":{"line":48,"column":0},"end":{"line":48,"column":9}},"48":{"start":{"line":49,"column":0},"end":{"line":49,"column":0}},"49":{"start":{"line":50,"column":0},"end":{"line":50,"column":61}},"50":{"start":{"line":51,"column":0},"end":{"line":51,"column":0}},"51":{"start":{"line":52,"column":0},"end":{"line":52,"column":26}},"52":{"start":{"line":53,"column":0},"end":{"line":53,"column":17}},"53":{"start":{"line":54,"column":0},"end":{"line":54,"column":18}},"54":{"start":{"line":55,"column":0},"end":{"line":55,"column":37}},"55":{"start":{"line":56,"column":0},"end":{"line":56,"column":10}},"56":{"start":{"line":57,"column":0},"end":{"line":57,"column":52}},"57":{"start":{"line":58,"column":0},"end":{"line":58,"column":5}},"58":{"start":{"line":59,"column":0},"end":{"line":59,"column":1}},"59":{"start":{"line":60,"column":0},"end":{"line":60,"column":0}},"60":{"start":{"line":61,"column":0},"end":{"line":61,"column":33}}},"s":{"0":1,"1":1,"2":1,"3":1,"4":1,"5":1,"6":1,"7":1,"8":11,"9":11,"10":11,"11":11,"12":1,"13":1,"14":12,"15":12,"16":12,"17":3,"18":3,"19":9,"20":12,"21":1,"22":1,"23":8,"24":12,"25":1,"26":1,"27":7,"28":12,"29":1,"30":1,"31":6,"32":12,"33":1,"34":1,"35":5,"36":5,"37":5,"38":12,"39":1,"40":1,"41":4,"42":12,"43":1,"44":1,"45":1,"46":1,"47":1,"48":3,"49":3,"50":3,"51":3,"52":3,"53":3,"54":3,"55":3,"56":3,"57":3,"58":1,"59":1,"60":1},"branchMap":{"0":{"type":"branch","line":9,"loc":{"start":{"line":9,"column":25},"end":{"line":11,"column":43}},"locations":[{"start":{"line":9,"column":25},"end":{"line":11,"column":43}}]},"1":{"type":"branch","line":8,"loc":{"start":{"line":8,"column":4},"end":{"line":12,"column":8}},"locations":[{"start":{"line":8,"column":4},"end":{"line":12,"column":8}}]},"2":{"type":"branch","line":14,"loc":{"start":{"line":14,"column":4},"end":{"line":58,"column":5}},"locations":[{"start":{"line":14,"column":4},"end":{"line":58,"column":5}}]},"3":{"type":"branch","line":17,"loc":{"start":{"line":17,"column":17},"end":{"line":17,"column":27}},"locations":[{"start":{"line":17,"column":17},"end":{"line":17,"column":27}}]},"4":{"type":"branch","line":17,"loc":{"start":{"line":17,"column":27},"end":{"line":17,"column":40}},"locations":[{"start":{"line":17,"column":27},"end":{"line":17,"column":40}}]},"5":{"type":"branch","line":17,"loc":{"start":{"line":17,"column":42},"end":{"line":19,"column":9}},"locations":[{"start":{"line":17,"column":42},"end":{"line":19,"column":9}}]},"6":{"type":"branch","line":20,"loc":{"start":{"line":20,"column":-1},"end":{"line":21,"column":38}},"locations":[{"start":{"line":20,"column":-1},"end":{"line":21,"column":38}}]},"7":{"type":"branch","line":21,"loc":{"start":{"line":21,"column":38},"end":{"line":23,"column":9}},"locations":[{"start":{"line":21,"column":38},"end":{"line":23,"column":9}}]},"8":{"type":"branch","line":24,"loc":{"start":{"line":24,"column":-1},"end":{"line":25,"column":39}},"locations":[{"start":{"line":24,"column":-1},"end":{"line":25,"column":39}}]},"9":{"type":"branch","line":25,"loc":{"start":{"line":25,"column":39},"end":{"line":27,"column":9}},"locations":[{"start":{"line":25,"column":39},"end":{"line":27,"column":9}}]},"10":{"type":"branch","line":28,"loc":{"start":{"line":28,"column":-1},"end":{"line":29,"column":42}},"locations":[{"start":{"line":28,"column":-1},"end":{"line":29,"column":42}}]},"11":{"type":"branch","line":29,"loc":{"start":{"line":29,"column":42},"end":{"line":31,"column":9}},"locations":[{"start":{"line":29,"column":42},"end":{"line":31,"column":9}}]},"12":{"type":"branch","line":32,"loc":{"start":{"line":32,"column":-1},"end":{"line":33,"column":49}},"locations":[{"start":{"line":32,"column":-1},"end":{"line":33,"column":49}}]},"13":{"type":"branch","line":33,"loc":{"start":{"line":33,"column":49},"end":{"line":35,"column":9}},"locations":[{"start":{"line":33,"column":49},"end":{"line":35,"column":9}}]},"14":{"type":"branch","line":36,"loc":{"start":{"line":36,"column":-1},"end":{"line":39,"column":24}},"locations":[{"start":{"line":36,"column":-1},"end":{"line":39,"column":24}}]},"15":{"type":"branch","line":39,"loc":{"start":{"line":39,"column":24},"end":{"line":41,"column":9}},"locations":[{"start":{"line":39,"column":24},"end":{"line":41,"column":9}}]},"16":{"type":"branch","line":42,"loc":{"start":{"line":42,"column":-1},"end":{"line":43,"column":33}},"locations":[{"start":{"line":42,"column":-1},"end":{"line":43,"column":33}}]},"17":{"type":"branch","line":43,"loc":{"start":{"line":43,"column":33},"end":{"line":48,"column":9}},"locations":[{"start":{"line":43,"column":33},"end":{"line":48,"column":9}}]},"18":{"type":"branch","line":49,"loc":{"start":{"line":49,"column":-1},"end":{"line":58,"column":5}},"locations":[{"start":{"line":49,"column":-1},"end":{"line":58,"column":5}}]}},"b":{"0":[11],"1":[11],"2":[12],"3":[11],"4":[10],"5":[3],"6":[9],"7":[1],"8":[8],"9":[1],"10":[7],"11":[1],"12":[6],"13":[1],"14":[5],"15":[1],"16":[4],"17":[1],"18":[3]},"fnMap":{"0":{"name":"<instance_members_initializer>","decl":{"start":{"line":9,"column":25},"end":{"line":11,"column":43}},"loc":{"start":{"line":9,"column":25},"end":{"line":11,"column":43}},"line":9},"1":{"name":"CreateCustomerUseCase","decl":{"start":{"line":8,"column":4},"end":{"line":12,"column":8}},"loc":{"start":{"line":8,"column":4},"end":{"line":12,"column":8}},"line":8},"2":{"name":"execute","decl":{"start":{"line":14,"column":4},"end":{"line":58,"column":5}},"loc":{"start":{"line":14,"column":4},"end":{"line":58,"column":5}},"line":14}},"f":{"0":11,"1":11,"2":12}}
}
