TN:
SF:src/errors/customerError.ts
FN:2,<instance_members_initializer>
FN:4,InvalidData
FN:12,<instance_members_initializer>
FN:14,InvalidType
FNF:4
FNH:4
FNDA:12,<instance_members_initializer>
FNDA:12,InvalidData
FNDA:6,<instance_members_initializer>
FNDA:6,InvalidType
DA:1,1
DA:2,1
DA:3,1
DA:4,1
DA:5,12
DA:6,12
DA:7,12
DA:8,12
DA:9,1
DA:10,1
DA:11,1
DA:12,1
DA:13,1
DA:14,1
DA:15,6
DA:16,6
DA:17,6
DA:18,6
DA:19,1
DA:20,1
DA:21,1
LF:21
LH:21
BRDA:2,0,0,12
BRDA:4,1,0,12
BRDA:12,2,0,6
BRDA:14,3,0,6
BRF:4
BRH:4
end_of_record
TN:
SF:src/useCases/createCustomer/CreateCustomerUseCase.ts
FN:9,<instance_members_initializer>
FN:8,CreateCustomerUseCase
FN:14,execute
FNF:3
FNH:3
FNDA:11,<instance_members_initializer>
FNDA:11,CreateCustomerUseCase
FNDA:12,execute
DA:1,1
DA:2,1
DA:3,1
DA:4,1
DA:5,1
DA:6,1
DA:7,1
DA:8,1
DA:9,11
DA:10,11
DA:11,11
DA:12,11
DA:13,1
DA:14,1
DA:15,12
DA:16,12
DA:17,12
DA:18,3
DA:19,3
DA:20,9
DA:21,12
DA:22,1
DA:23,1
DA:24,8
DA:25,12
DA:26,1
DA:27,1
DA:28,7
DA:29,12
DA:30,1
DA:31,1
DA:32,6
DA:33,12
DA:34,1
DA:35,1
DA:36,5
DA:37,5
DA:38,5
DA:39,12
DA:40,1
DA:41,1
DA:42,4
DA:43,12
DA:44,1
DA:45,1
DA:46,1
DA:47,1
DA:48,1
DA:49,3
DA:50,3
DA:51,3
DA:52,3
DA:53,3
DA:54,3
DA:55,3
DA:56,3
DA:57,3
DA:58,3
DA:59,1
DA:60,1
DA:61,1
LF:61
LH:61
BRDA:9,0,0,11
BRDA:8,1,0,11
BRDA:14,2,0,12
BRDA:17,3,0,11
BRDA:17,4,0,10
BRDA:17,5,0,3
BRDA:20,6,0,9
BRDA:21,7,0,1
BRDA:24,8,0,8
BRDA:25,9,0,1
BRDA:28,10,0,7
BRDA:29,11,0,1
BRDA:32,12,0,6
BRDA:33,13,0,1
BRDA:36,14,0,5
BRDA:39,15,0,1
BRDA:42,16,0,4
BRDA:43,17,0,1
BRDA:49,18,0,3
BRF:19
BRH:19
end_of_record
